DEBUG:root:
To Synthesize STL Template: G[0.0,220046461440.0](((angle > 0.2) | (angle < -0.2)) => (speed < a? 15.0;25.0 ))
DEBUG:root:
To Synthesize STL Template: G[0.0,220046461440.0](((angle > 0.2) | (angle < -0.2)) => (speed < a? 15.0;25.0 ))
DEBUG:root:
To Synthesize STL Template: G[0.0,220046461440.0](((angle > 0.2) | (angle < -0.2)) => (speed < a? 15.0;25.0 ))
DEBUG:root:Initial guess in simoptimize : <map object at 0x000001F174661EA0> 
DEBUG:root:
To Synthesize STL Template: G[0.0,220046461440.0](((angle > 0.2) | (angle < -0.2)) => (speed < a? 15.0;25.0 ))
DEBUG:root:Initial guess in simoptimize : <map object at 0x0000022F9C359F60> 
DEBUG:root:
To Synthesize STL Template: G[0.0,220046461440.0](((angle > 0.2) | (angle < -0.2)) => (speed < a? 15.0;25.0 ))
DEBUG:root:Initial guess in simoptimize : <map object at 0x000002166315DE70> 
DEBUG:root:
To Synthesize STL Template: G[0.0,220046461440.0](((angle > 0.2) | (angle < -0.2)) => (speed < a? 15.0;25.0 ))
DEBUG:root:Initial guess in simoptimize : <map object at 0x000001152AB7DF00> 
DEBUG:root:
To Synthesize STL Template: G[0.0,220046461440.0](((angle > 0.2) | (angle < -0.2)) => (speed < a? 15.0;25.0 ))
DEBUG:root:Initial guess in simoptimize : <map object at 0x0000029BF8B5DF00> 
DEBUG:root:
To Synthesize STL Template: G[0.0,220046461440.0](((angle > 0.2) | (angle < -0.2)) => (speed < a? 15.0;25.0 ))
DEBUG:root:Initial guess in simoptimize : <map object at 0x000001BAA498DE40> 
DEBUG:root:
To Synthesize STL Template: G[0.0,220046461440.0](((angle > 0.2) | (angle < -0.2)) => (speed < a? 15.0;25.0 ))
DEBUG:root:Initial guess in simoptimize : <map object at 0x000001B5E5F59F00> 
DEBUG:root:
To Synthesize STL Template: G[0.0,220046461440.0](((angle > 0.2) | (angle < -0.2)) => (speed < a? 15.0;25.0 ))
DEBUG:root:
To Synthesize STL Template: G[0.0,220046461440.0](((angle > 0.2) | (angle < -0.2)) => (speed < a? 15.0;25.0 ))
DEBUG:root:
To Synthesize STL Template: G[0.0,220046461440.0](((angle > 0.2) | (angle < -0.2)) => (speed < a? 15.0;25.0 ))
DEBUG:root:
To Synthesize STL Template: G[0.0,220046461440.0](((angle > 0.2) | (angle < -0.2)) => (speed < a? 15.0;25.0 ))
DEBUG:root:Initial guess in simoptimize : [16.81663332996686] 
DEBUG:root:
To Synthesize STL Template: G[0.0,220046461440.0](((angle > 0.2) | (angle < -0.2)) => (speed < a? 15.0;25.0 ))
DEBUG:root:Initial guess in simoptimize : [18.52007430503024] 
DEBUG:root:
To Synthesize STL Template: G[0.0,220046461440.0](((angle > 0.2) | (angle < -0.2)) => (speed < a? 15.0;25.0 ))
DEBUG:root:Initial guess in simoptimize : [17.011782927576423] 
DEBUG:root:Attempt : 1 with Cost: 0.24324319446746934/0 Param: [17.01178293]
DEBUG:root:
To Synthesize STL Template: G[0.0,220046461440.0](((angle > 0.2) | (angle < -0.2)) => (speed < a? 15.0;25.0 ))
DEBUG:root:Initial guess in simoptimize : [17.120640620984876] 
DEBUG:root:
To Synthesize STL Template: G[0.0,220046461440.0](((angle > 0.2) | (angle < -0.2)) => (speed < a? 15.0;25.0 ))
DEBUG:root:Initial guess in simoptimize : [16.21645085256648] 
DEBUG:root:Attempt : 1 with Cost: 0.24324319446746934/0 Param: [16.21645085]
DEBUG:root:
To Synthesize STL Template: G[0.0,220046461440.0](((angle > 0.2) | (angle < -0.2)) => (speed < a? 15.0;25.0 ))
DEBUG:root:Initial guess in simoptimize : [15.74330274950345] 
DEBUG:root:Attempt : 1 with Cost: 0.24324319446746934/0 Param: [15.74330275]
DEBUG:root:
To Synthesize STL Template: G[0.0,220046461440.0](((angle > 0.2) | (angle < -0.2)) => (speed < a? 15.0;25.0 ))
DEBUG:root:Initial guess in simoptimize : [22.407462209863514] 
DEBUG:root:Attempt : 1 with Cost: -0.03489003015410441/0 Param: [22.40746221]
DEBUG:root:
To Synthesize STL Template: G[0.0,220046461440.0](((angle > 0.2) | (angle < -0.2)) => (speed < a? 15.0;25.0 ))
DEBUG:root:Initial guess in simoptimize : [16.029497712182483] 
DEBUG:root:Attempt : 1 with Cost: 0.24324319446746934/0 Param: [16.02949771]
DEBUG:root:
To Synthesize STL Template: G[0.0,220046461440.0](((angle > 0.2) | (angle < -0.2)) => (speed < a? 15.0;25.0 ))
DEBUG:root:Initial guess in simoptimize : [20.0] 
DEBUG:root:Attempt : 1 with Cost: 0.19779060937416149/0 Param: [20.]
DEBUG:root:
To Synthesize STL Template: G[0.0,220046461440.0](((angle > 0.2) | (angle < -0.2)) => (speed < a? 15.0;25.0 ))
DEBUG:root:Initial guess in simoptimize : [20.0] 
DEBUG:root:
To Synthesize STL Template: G[0.0,220046461440.0](((angle > 0.2) | (angle < -0.2)) => (speed < a? 15.0;25.0 ))
DEBUG:root:Initial guess in simoptimize : [20.0] 
DEBUG:root:Attempt : 1 with Cost: 0.19779060937416149/0 Param: [20.]
DEBUG:root:
To Synthesize STL Template: G[0.0,220046461440.0](((angle > 0.2) | (angle < -0.2)) => (speed < a? 15.0;25.0 ))
DEBUG:root:Initial guess in simoptimize : [20.0] 
DEBUG:root:Attempt : 1 with Cost: 0.19779060937416149/0 Param: [20.]
DEBUG:root:
To Synthesize STL Template: G[0.0,220046461440.0](((angle > 0.2) | (angle < -0.2)) => (speed < a? 15.0;25.0 ))
DEBUG:root:Initial guess in simoptimize : [20.0] 
DEBUG:root:Attempt : 1 with Cost: 0.19779060937416149/0 Param: [20.]
DEBUG:root:
To Synthesize STL Template: G[0.0,220046461440.0](((angle > 0.2) | (angle < -0.2)) => (speed < a? 15.0;25.0 ))
DEBUG:root:Initial guess in simoptimize : [20.0] 
DEBUG:root:Attempt : 1 with Cost: 0.19779060937416149/0 Param: [20.]
DEBUG:root:
To Synthesize STL Template: G[0.0,220046461440.0](((angle > 0.2) | (angle < -0.2)) => (speed < a? 15.0;25.0 ))
DEBUG:root:
To Synthesize STL Template: G[0.0,220046461440.0](((angle > 0.2) | (angle < -0.2)) => (speed < a? 15.0;25.0 ))
DEBUG:root:Initial guess in simoptimize : [20.0] 
DEBUG:root:
To Synthesize STL Template: G[0.0,220046461440.0](((angle > 0.2) | (angle < -0.2)) => (speed < a? 15.0;25.0 ))
DEBUG:root:
To Synthesize STL Template: G[0.0,220046461440.0](((angle > 0.2) | (angle < -0.2)) => (speed < a? 15.0;25.0 ))
DEBUG:root:
To Synthesize STL Template: G[0.0,220046461440.0](((angle > 0.2) | (angle < -0.2)) => (speed < a? 15.0;25.0 ))
DEBUG:root:
To Synthesize STL Template: G[0.0,220046461440.0](((angle > 0.2) | (angle < -0.2)) => (speed < a? 15.0;25.0 ))
DEBUG:root:
To Synthesize STL Template: G[0.0,220046461440.0](((angle > 0.2) | (angle < -0.2)) => (speed < a? 15.0;25.0 ))
DEBUG:root:
To Synthesize STL Template: G[0.0,220046461440.0](((angle > 0.2) | (angle < -0.2)) => (speed < a? 15.0;25.0 ))
DEBUG:root:
To Synthesize STL Template: G[0.0,220046461440.0](((angle > 0.2) | (angle < -0.2)) => (speed < a? 15.0;25.0 ))
DEBUG:root:
To Synthesize STL Template: G[0.0,220046461440.0](((angle > 0.2) | (angle < -0.2)) => (speed < a? 15.0;25.0 ))
DEBUG:root:
To Synthesize STL Template: G[0.0,220046461440.0](((angle > 0.2) | (angle < -0.2)) => (speed < a? 15.0;25.0 ))
DEBUG:root:
To Synthesize STL Template: G[0.0,220046461440.0](((angle > 0.2) | (angle < -0.2)) => (speed < a? 15.0;25.0 ))
DEBUG:root:
To Synthesize STL Template: G[0.0,220046461440.0](((angle > 0.2) | (angle < -0.2)) => (speed < a? 15.0;25.0 ))
DEBUG:root:
To Synthesize STL Template: G[0.0,220046461440.0](((angle > 0.2) | (angle < -0.2)) => (speed < a? 15.0;25.0 ))
DEBUG:root:
To Synthesize STL Template: G[0.0,220046461440.0](((angle > 0.2) | (angle < -0.2)) => (speed < a? 15.0;25.0 ))
DEBUG:root:
To Synthesize STL Template: G[0.0,220046461440.0](((angle > 0.2) | (angle < -0.2)) => (speed < a? 15.0;25.0 ))
DEBUG:root:
To Synthesize STL Template: G[0.0,220046461440.0](((angle > 0.2) | (angle < -0.2)) => (speed < a? 15.0;25.0 ))
DEBUG:root:
To Synthesize STL Template: G[0.0,220046461440.0](((angle > 0.2) | (angle < -0.2)) => (speed < a? 15.0;25.0 ))
DEBUG:root:
To Synthesize STL Template: G[0.0,220046461440.0](((angle > 0.2) | (angle < -0.2)) => (speed < a? 15.0;25.0 ))
DEBUG:root:
To Synthesize STL Template: G[0.0,220046461440.0](((angle > 0.2) | (angle < -0.2)) => (speed < a? 15.0;25.0 ))
DEBUG:root:
To Synthesize STL Template: G[0.0,220046461440.0](((angle > 0.2) | (angle < -0.2)) => (speed < a? 15.0;25.0 ))
DEBUG:root:
To Synthesize STL Template: G[0.0,220046461440.0](((angle > 0.2) | (angle < -0.2)) => (speed < a? 15.0;25.0 ))
DEBUG:root:
To Synthesize STL Template: G[0.0,220046461440.0](((angle > 0.2) | (angle < -0.2)) => (speed < a? 15.0;25.0 ))
DEBUG:root:Initial guess in simoptimize : [20.0] 
DEBUG:root:
To Synthesize STL Template: G[0.0,220046461440.0](((angle > 0.2) | (angle < -0.2)) => (speed < a? 15.0;25.0 ))
DEBUG:root:
To Synthesize STL Template: G[0.0,220046461440.0](((angle > 0.2) | (angle < -0.2)) => (speed < a? 15.0;25.0 ))
DEBUG:root:
To Synthesize STL Template: G[0.0,220046461440.0](((angle > 0.2) | (angle < -0.2)) => (speed < a? 15.0;25.0 ))
DEBUG:root:
To Synthesize STL Template: G[0.0,220046461440.0](((angle > 0.2) | (angle < -0.2)) => (speed < a? 15.0;25.0 ))
DEBUG:root:
To Synthesize STL Template: G[0.0,220046461440.0](((angle > 0.2) | (angle < -0.2)) => (speed < a? 15.0;25.0 ))
DEBUG:root:
To Synthesize STL Template: G[0.0,220046461440.0](((angle > 0.2) | (angle < -0.2)) => (speed < a? 15.0;25.0 ))
DEBUG:root:
To Synthesize STL Template: G[0.0,220046461440.0](((angle > 0.2) | (angle < -0.2)) => (speed < a? 15.0;25.0 ))
DEBUG:root:
To Synthesize STL Template: G[0.0,220046461440.0](((angle > 0.2) | (angle < -0.2)) => (speed < a? 15.0;25.0 ))
DEBUG:root:
To Synthesize STL Template: G[0.0,220046461440.0](((angle > 0.2) | (angle < -0.2)) => (speed < a? 15.0;25.0 ))
DEBUG:root:
To Synthesize STL Template: G[0.0,220046461440.0](((angle > 0.2) | (angle < -0.2)) => (speed < a? 15.0;25.0 ))
DEBUG:root:Initial guess in simoptimize : [20.0] 
DEBUG:root:
To Synthesize STL Template: G[0.0,220046461440.0](((angle > 0.2) | (angle < -0.2)) => (speed < a? 15.0;25.0 ))
DEBUG:root:Initial guess in simoptimize : [20.0] 
DEBUG:root:
To Synthesize STL Template: G[0.0,220046461440.0](((angle > 0.2) | (angle < -0.2)) => (speed < a? 15.0;25.0 ))
DEBUG:root:Initial guess in simoptimize : [20.0] 
DEBUG:root:
To Synthesize STL Template: G[0.0,220046461440.0](((angle > 0.2) | (angle < -0.2)) => (speed < a? 15.0;25.0 ))
DEBUG:root:Initial guess in simoptimize : [20.0] 
DEBUG:root:
To Synthesize STL Template: G[0.0,220046461440.0](((angle > 0.2) | (angle < -0.2)) => (speed < a? 15.0;25.0 ))
DEBUG:root:
To Synthesize STL Template: G[0.0,220046461440.0](((angle > 0.2) | (angle < -0.2)) => (speed < a? 15.0;25.0 ))
DEBUG:root:
To Synthesize STL Template: G[0.0,220046461440.0](((angle > 0.2) | (angle < -0.2)) => (speed < a? 15.0;25.0 ))
DEBUG:root:
To Synthesize STL Template: G[0.0,220046461440.0](((angle > 0.2) | (angle < -0.2)) => (speed < a? 15.0;25.0 ))
DEBUG:root:Initial guess in simoptimize : [20.0] 
DEBUG:root:
To Synthesize STL Template: G[0.0,220046461440.0](((angle > 0.2) | (angle < -0.2)) => (speed < a? 15.0;25.0 ))
DEBUG:root:Initial guess in simoptimize : [20.0] 
DEBUG:root:
To Synthesize STL Template: G[0.0,220046461440.0](((angle > 0.2) | (angle < -0.2)) => (speed < a? 15.0;25.0 ))
DEBUG:root:Initial guess in simoptimize : [20.0] 
DEBUG:root:
To Synthesize STL Template: G[0.0,220046461440.0](((angle > 0.2) | (angle < -0.2)) => (speed < a? 15.0;25.0 ))
DEBUG:root:Initial guess in simoptimize : [20.0] 
DEBUG:root:
To Synthesize STL Template: G[0.0,220046461440.0](((angle > 0.2) | (angle < -0.2)) => (speed < a? 15.0;25.0 ))
DEBUG:root:Initial guess in simoptimize : [20.0] 
DEBUG:root:Attempt : 1 with Cost: 0.19779060937416149/0 Param: [20.]
DEBUG:root:
To Synthesize STL Template: G[0.0,220046461440.0](((angle > 0.2) | (angle < -0.2)) => (speed < a? 15.0;25.0 ))
DEBUG:root:Initial guess in simoptimize : [20.0] 
DEBUG:root:Attempt : 1 with Cost: 0.19779060937416149/0 Param: [20.]
DEBUG:root:
To Synthesize STL Template: G[0.0,220046461440.0](((angle > 0.2) | (angle < -0.2)) => (speed < a? 15.0;25.0 ))
DEBUG:root:Initial guess in simoptimize : [20.0] 
DEBUG:root:Attempt : 1 with Cost: 0.19779060937416149/0 Param: [20.]
DEBUG:root:Attempt : 2 with Cost: 0.19779060937416149/0 Param: [20.35543414]
DEBUG:root:Attempt : 3 with Cost: 0.24324319446746934/0 Param: [16.93581569]
DEBUG:root:Attempt : 4 with Cost: 0.24324319446746934/0 Param: [18.46021708]
DEBUG:root:Attempt : 5 with Cost: 0.19779060937416149/0 Param: [20.36861643]
DEBUG:root:Attempt : 6 with Cost: 0.24324319446746934/0 Param: [15.54247037]
DEBUG:root:Attempt : 7 with Cost: 0.24324319446746934/0 Param: [17.07447806]
DEBUG:root:Attempt : 8 with Cost: 0.24324319446746934/0 Param: [16.75012078]
DEBUG:root:Attempt : 9 with Cost: -0.06702497903424387/0 Param: [24.15618146]
DEBUG:root:Attempt : 10 with Cost: -0.06702497903424387/-0.06702497903424387 Param: [24.39774328]
DEBUG:root:Opt method used: gradient
DEBUG:root:Synthesized STL: G[0.0,220046461440.0](((angle > 0.2) | (angle < -0.2)) => (speed < 22.010201433118652))
DEBUG:root:Synthesis: Cost is -0.06702497903424387, Time taken is 7.2918548583984375
DEBUG:root:
To Synthesize STL Template: G[0.0,220046461440.0](((angle > 0.2) | (angle < -0.2)) => (speed < a? 15.0;25.0 ))
DEBUG:root:Initial guess in simoptimize : [20.0] 
DEBUG:root:Attempt : 1 with Cost: 0.19779060937416149/0 Param: [20.]
DEBUG:root:Attempt : 2 with Cost: -0.03489003015410441/0 Param: [22.27774521]
DEBUG:root:Attempt : 3 with Cost: -0.03489003015410441/-0.03489003015410441 Param: [22.50052266]
DEBUG:root:Opt method used: gradient
DEBUG:root:Synthesized STL: G[0.0,220046461440.0](((angle > 0.2) | (angle < -0.2)) => (speed < 22.007672630180828))
DEBUG:root:Synthesis: Cost is -0.03489003015410441, Time taken is 2.0558364391326904
DEBUG:root:
To Synthesize STL Template: G[0.0,220046461440.0](((angle > 0.2) | (angle < -0.2)) => (speed < a? 15.0;25.0 ))
DEBUG:root:Initial guess in simoptimize : [20.0] 
DEBUG:root:Attempt : 1 with Cost: 0.19779060937416149/0 Param: [20.]
DEBUG:root:Attempt : 2 with Cost: 0.24324319446746934/0 Param: [18.18531889]
DEBUG:root:Attempt : 3 with Cost: -0.03489003015410441/0 Param: [22.97722489]
DEBUG:root:Attempt : 4 with Cost: -0.03489003015410441/-0.03489003015410441 Param: [23.20699713]
DEBUG:root:Opt method used: gradient
DEBUG:root:Synthesized STL: G[0.0,220046461440.0](((angle > 0.2) | (angle < -0.2)) => (speed < 22.011232809889435))
DEBUG:root:Synthesis: Cost is -0.03489003015410441, Time taken is 2.3102357387542725
DEBUG:root:
To Synthesize STL Template: G[0.0,220046461440.0](((angle > 0.2) | (angle < -0.2)) => (speed < a? 15.0;25.0 ))
DEBUG:root:Initial guess in simoptimize : [20.0] 
DEBUG:root:Attempt : 1 with Cost: 0.19779060937416149/0 Param: [20.]
DEBUG:root:Attempt : 2 with Cost: -0.06702497903424387/0 Param: [24.33688689]
DEBUG:root:Attempt : 3 with Cost: -0.06702497903424387/-0.06702497903424387 Param: [24.58025576]
DEBUG:root:Opt method used: gradient
DEBUG:root:Synthesized STL: G[0.0,220046461440.0](((angle > 0.2) | (angle < -0.2)) => (speed < 22.011783220911887))
DEBUG:root:Synthesis: Cost is -0.06702497903424387, Time taken is 1.9289193153381348
DEBUG:root:
To Synthesize STL Template: G[0.0,220046461440.0](((angle > 0.2) | (angle < -0.2)) => ((speed < a? 15.0;25.0 ) & (speed > b? -25.0;-15.0 )))
DEBUG:root:Initial guess in simoptimize : [20.0, -20.0] 
DEBUG:root:Attempt : 1 with Cost: 0.19779060937416149/0 Param: [ 20. -20.]
DEBUG:root:Attempt : 2 with Cost: 0.19779060937416149/0 Param: [ 20.38845405 -20.45378615]
DEBUG:root:Attempt : 3 with Cost: 0.24324319446746934/0 Param: [ 15.68402927 -20.65033506]
DEBUG:root:Attempt : 4 with Cost: 0.19779060937416149/0 Param: [ 21.51944964 -18.99814775]
DEBUG:root:Attempt : 5 with Cost: -0.03489003015410441/0 Param: [ 23.23394584 -15.97349323]
DEBUG:root:Attempt : 6 with Cost: -0.05069008221576198/-0.03489003015410441 Param: [ 23.4662853  -16.13322816]
DEBUG:root:Attempt : 7 with Cost: -0.050483655894285905/-0.05069008221576198 Param: [ 23.70094815 -16.29456044]
DEBUG:root:Opt method used: gradient
DEBUG:root:Synthesized STL: G[0.0,220046461440.0](((angle > 0.2) | (angle < -0.2)) => ((speed < 22.011142513355686) & (speed > -15.008853344984438)))
DEBUG:root:Synthesis: Cost is -0.05069008221576198, Time taken is 11.119767904281616
DEBUG:root:
To Synthesize STL Template: G[0.0,220046461440.0](((angle > 0.2) | (angle < -0.2)) => (speed < a? 15.0;25.0 ))
DEBUG:root:Initial guess in simoptimize : [20.0] 
DEBUG:root:Attempt : 1 with Cost: 0.19779060937416149/0 Param: [20.]
DEBUG:root:Attempt : 2 with Cost: 0.19779060937416149/0 Param: [20.53754257]
DEBUG:root:Attempt : 3 with Cost: 0.24324319446746934/0 Param: [18.37621747]
DEBUG:root:Attempt : 4 with Cost: 0.24324319446746934/0 Param: [19.20915432]
DEBUG:root:Attempt : 5 with Cost: -0.03489003015410441/0 Param: [23.28500576]
DEBUG:root:Attempt : 6 with Cost: -0.059608521914173984/-0.03489003015410441 Param: [23.51785582]
DEBUG:root:Attempt : 7 with Cost: -0.06702497903424387/-0.059608521914173984 Param: [23.75303437]
DEBUG:root:Attempt : 8 with Cost: -0.06702497903424387/-0.06702497903424387 Param: [23.99056472]
DEBUG:root:Opt method used: gradient
DEBUG:root:Synthesized STL: G[0.0,220046461440.0](((angle > 0.2) | (angle < -0.2)) => (speed < 22.009265807111056))
DEBUG:root:Synthesis: Cost is -0.06702497903424387, Time taken is 6.253181457519531
DEBUG:root:
To Synthesize STL Template: G[0.0,220046461440.0](((angle > 0.2) | (angle < -0.2)) => ((speed < a? 15.0;25.0 ) & (speed > b? -25.0;-15.0 )))
DEBUG:root:Initial guess in simoptimize : [-20.0, 20.0] 
DEBUG:root:Attempt : 1 with Cost: 0.19779060937416149/0 Param: [-20.  20.]
DEBUG:root:Attempt : 2 with Cost: 0.19779060937416149/0 Param: [-23.9187237   21.55294496]
DEBUG:root:Attempt : 3 with Cost: 0.19779060937416149/0 Param: [-16.36408459  20.85637484]
DEBUG:root:Attempt : 4 with Cost: 0.24324319446746934/0 Param: [-15.44784816  18.2639302 ]
DEBUG:root:Attempt : 5 with Cost: 0.19779060937416149/0 Param: [-21.08804654  21.26682372]
DEBUG:root:Attempt : 6 with Cost: -0.04351886341509366/0 Param: [-22.63494857  24.06679897]
DEBUG:root:Attempt : 7 with Cost: -0.04330557323917001/-0.04351886341509366 Param: [-22.86129805  24.30746696]
DEBUG:root:Opt method used: gradient
DEBUG:root:Synthesized STL: G[0.0,220046461440.0](((angle > 0.2) | (angle < -0.2)) => ((speed < 22.01260232628921) & (speed > -15.007456004460625)))
DEBUG:root:Synthesis: Cost is -0.04351886341509366, Time taken is 12.678690195083618
DEBUG:root:
To Synthesize STL Template: G[0.0,220046461440.0](((torque > 1.6) | (torque < -1.6)) => (speed < a? 15.0;25.0 ))
DEBUG:root:Initial guess in simoptimize : [20.0] 
DEBUG:root:Attempt : 1 with Cost: 0.4140220887936603/0 Param: [20.]
DEBUG:root:Attempt : 2 with Cost: 0.4140220887936603/0 Param: [18.99179055]
DEBUG:root:Attempt : 3 with Cost: 0.020632455120004556/0 Param: [22.74703201]
DEBUG:root:Attempt : 4 with Cost: 0.4140220887936603/0 Param: [16.9944473]
DEBUG:root:Attempt : 5 with Cost: 0.4140220887936603/0 Param: [15.64385729]
DEBUG:root:Attempt : 6 with Cost: 0.4140220887936603/0 Param: [20.89527735]
DEBUG:root:Attempt : 7 with Cost: 0.4140220887936603/0 Param: [20.15440336]
DEBUG:root:Attempt : 8 with Cost: -0.22063047061665997/0 Param: [23.93813131]
DEBUG:root:Attempt : 9 with Cost: -0.22063047061665997/-0.22063047061665997 Param: [24.17751263]
DEBUG:root:Opt method used: gradient
DEBUG:root:Synthesized STL: G[0.0,220046461440.0](((torque > 1.6) | (torque < -1.6)) => (speed < 23.64135742251772))
DEBUG:root:Synthesis: Cost is -0.22063047061665997, Time taken is 9.054084777832031
DEBUG:root:
To Synthesize STL Template: G[0.0,220046461440.0]((angle > 0.06) => (torque < b? -2.0;-0.5 ))
DEBUG:root:Initial guess in simoptimize : [-1.25] 
DEBUG:root:Attempt : 1 with Cost: 0.1409827147081144/0 Param: [-1.25]
DEBUG:root:Attempt : 2 with Cost: 0.1409827147081144/0 Param: [-0.70038317]
DEBUG:root:Attempt : 3 with Cost: 0.1409827147081144/0 Param: [-0.61087246]
DEBUG:root:Attempt : 4 with Cost: 0.1409827147081144/0 Param: [-1.75295953]
DEBUG:root:Attempt : 5 with Cost: 0.1409827147081144/0 Param: [-1.54138219]
DEBUG:root:Attempt : 6 with Cost: 0.1409827147081144/0 Param: [-1.31328277]
DEBUG:root:Attempt : 7 with Cost: 0.1409827147081144/0 Param: [-0.71492843]
DEBUG:root:Attempt : 8 with Cost: 0.1409827147081144/0 Param: [-1.10616579]
DEBUG:root:Attempt : 9 with Cost: 0.1409827147081144/0 Param: [-1.80270301]
DEBUG:root:Attempt : 10 with Cost: 0.1409827147081144/0 Param: [-0.83949286]
DEBUG:root:
To Synthesize STL Template: G[0.0,220046461440.0]((angle > 0.06) => (torque < b? -2.0;-0.5 ))
DEBUG:root:
To Synthesize STL Template: G[0.0,220046461440.0]((angle > 0.06) => (torque < b? -2.0;-0.5 ))
DEBUG:root:Initial guess in simoptimize : [-1.25] 
DEBUG:root:Attempt : 1 with Cost: 0.1409827147081144/0 Param: [-1.25]
DEBUG:root:Attempt : 2 with Cost: 0.1409827147081144/0 Param: [-1.5625429]
DEBUG:root:Attempt : 3 with Cost: 0.1409827147081144/0 Param: [-0.96907422]
DEBUG:root:Attempt : 4 with Cost: 0.1409827147081144/0 Param: [-1.04798957]
DEBUG:root:Attempt : 5 with Cost: 0.1409827147081144/0 Param: [-0.55124164]
DEBUG:root:Attempt : 6 with Cost: 0.1409827147081144/0 Param: [-0.9514431]
DEBUG:root:Attempt : 7 with Cost: 0.1409827147081144/0 Param: [-0.84059354]
DEBUG:root:Attempt : 8 with Cost: 0.1409827147081144/0 Param: [-0.9302394]
DEBUG:root:Attempt : 9 with Cost: 0.1409827147081144/0 Param: [-1.13316064]
DEBUG:root:Attempt : 10 with Cost: 0.1409827147081144/0 Param: [-1.17527687]
DEBUG:root:
To Synthesize STL Template: G[0.0,220046461440.0]((angle > 0.06) => (torque < b? -2.0;-0.5 ))
DEBUG:root:Initial guess in simoptimize : [-1.25] 
DEBUG:root:
To Synthesize STL Template: G[0.0,220046461440.0]((angle > 0.06) => (torque < b? -2.0;-0.5 ))
DEBUG:root:Initial guess in simoptimize : [-1.25] 
DEBUG:root:Attempt : 1 with Cost: 0.1409827147081144/0 Param: [-1.25]
DEBUG:root:Attempt : 2 with Cost: 0.1409827147081144/0 Param: [-0.88754529]
DEBUG:root:Attempt : 3 with Cost: 0.1409827147081144/0 Param: [-0.61975904]
DEBUG:root:Attempt : 4 with Cost: 0.1409827147081144/0 Param: [-0.5601823]
DEBUG:root:Attempt : 5 with Cost: 0.1409827147081144/0 Param: [-0.8762473]
DEBUG:root:Attempt : 6 with Cost: 0.1409827147081144/0 Param: [-1.76880467]
DEBUG:root:Attempt : 7 with Cost: 0.1409827147081144/0 Param: [-0.70399156]
DEBUG:root:Attempt : 8 with Cost: 0.1409827147081144/0 Param: [-1.63880215]
DEBUG:root:Attempt : 9 with Cost: 0.1409827147081144/0 Param: [-0.71484402]
DEBUG:root:Attempt : 10 with Cost: 0.1409827147081144/0 Param: [-0.95060115]
DEBUG:root:
To Synthesize STL Template: G[0.0,220046461440.0]((angle > 0.06) => (torque < b? -2.0;-0.5 ))
DEBUG:root:Initial guess in simoptimize : [-1.25] 
DEBUG:root:
To Synthesize STL Template: G[0.0,220046461440.0]((angle > 0.06) => (torque < b? -2.0;-0.5 ))
DEBUG:root:Initial guess in simoptimize : [-1.25] 
DEBUG:root:Attempt : 1 with Cost: 0.1409827147081144/0 Param: [-1.25]
DEBUG:root:Attempt : 2 with Cost: 0.1409827147081144/0 Param: [-1.09503483]
DEBUG:root:Attempt : 3 with Cost: 0.1409827147081144/0 Param: [-0.91764835]
DEBUG:root:Attempt : 4 with Cost: 0.1409827147081144/0 Param: [-0.96735493]
DEBUG:root:Attempt : 5 with Cost: 0.1409827147081144/0 Param: [-1.68358017]
DEBUG:root:Attempt : 6 with Cost: 0.1409827147081144/0 Param: [-1.7326603]
DEBUG:root:Attempt : 7 with Cost: 0.1409827147081144/0 Param: [-1.11471048]
DEBUG:root:Attempt : 8 with Cost: 0.1409827147081144/0 Param: [-0.77133331]
DEBUG:root:Attempt : 9 with Cost: 0.1409827147081144/0 Param: [-1.0208226]
DEBUG:root:Attempt : 10 with Cost: 0.1409827147081144/0 Param: [-1.91368348]
DEBUG:root:
To Synthesize STL Template: G[0.0,220046461440.0]((angle > 0.06) => (torque < b? -2.0;-0.5 ))
DEBUG:root:Initial guess in simoptimize : [-1.25] 
DEBUG:root:
To Synthesize STL Template: G[0.0,220046461440.0]((angle > 0.06) => (torque < b? -2.0;-0.5 ))
DEBUG:root:Initial guess in simoptimize : [-1.25] 
DEBUG:root:Attempt : 1 with Cost: 0.1409827147081144/0 Param: [-1.25]
DEBUG:root:Attempt : 2 with Cost: 0.1409827147081144/0 Param: [-1.25149265]
DEBUG:root:Attempt : 3 with Cost: 0.1409827147081144/0 Param: [-0.74669676]
DEBUG:root:Attempt : 4 with Cost: 0.1409827147081144/0 Param: [-1.9146201]
DEBUG:root:Attempt : 5 with Cost: 0.1409827147081144/0 Param: [-1.28373596]
DEBUG:root:Attempt : 6 with Cost: 0.1409827147081144/0 Param: [-0.80195941]
DEBUG:root:Attempt : 7 with Cost: 0.1409827147081144/0 Param: [-1.04353194]
DEBUG:root:Attempt : 8 with Cost: 0.1409827147081144/0 Param: [-0.54296963]
DEBUG:root:Attempt : 9 with Cost: 0.1409827147081144/0 Param: [-1.42903584]
DEBUG:root:Attempt : 10 with Cost: 0.1409827147081144/0 Param: [-1.15043804]
DEBUG:root:
To Synthesize STL Template: G[0.0,220046461440.0]((angle > 0.06) => (torque < b? -2.0;-0.5 ))
DEBUG:root:Initial guess in simoptimize : [-1.25] 
DEBUG:root:Attempt : 1 with Cost: 0.1409827147081144/0 Param: [-1.78152039]
DEBUG:root:Attempt : 2 with Cost: 0.1409827147081144/0 Param: [-1.24910399]
DEBUG:root:Attempt : 3 with Cost: 0.1409827147081144/0 Param: [-0.6166657]
DEBUG:root:Attempt : 4 with Cost: 0.1409827147081144/0 Param: [-1.37531646]
DEBUG:root:Attempt : 5 with Cost: 0.1409827147081144/0 Param: [-1.41126967]
DEBUG:root:Attempt : 6 with Cost: 0.1409827147081144/0 Param: [-0.52819846]
DEBUG:root:Attempt : 7 with Cost: 0.1409827147081144/0 Param: [-1.30088603]
DEBUG:root:Attempt : 8 with Cost: 0.1409827147081144/0 Param: [-0.65006784]
DEBUG:root:Attempt : 9 with Cost: 0.1409827147081144/0 Param: [-1.40749695]
DEBUG:root:Attempt : 10 with Cost: 0.1409827147081144/0 Param: [-0.96471156]
DEBUG:root:
To Synthesize STL Template: G[0.0,220046461440.0]((angle > 0.06) => (torque < b? -2.0;-0.5 ))
DEBUG:root:Initial guess in simoptimize : [-1.25] 
DEBUG:root:Attempt : 1 with Cost: 0.1409827147081144/0 Param: [-1.25]
DEBUG:root:Attempt : 2 with Cost: 0.1409827147081144/0 Param: [-1.76658014]
DEBUG:root:Attempt : 3 with Cost: 0.1409827147081144/0 Param: [-1.89981459]
DEBUG:root:Attempt : 4 with Cost: 0.1409827147081144/0 Param: [-1.64736809]
DEBUG:root:Attempt : 5 with Cost: 0.1409827147081144/0 Param: [-1.12260464]
DEBUG:root:Attempt : 6 with Cost: 0.1409827147081144/0 Param: [-1.98801417]
DEBUG:root:Attempt : 7 with Cost: 0.1409827147081144/0 Param: [-1.44437943]
DEBUG:root:Attempt : 8 with Cost: 0.1409827147081144/0 Param: [-1.15730917]
DEBUG:root:Attempt : 9 with Cost: 0.1409827147081144/0 Param: [-1.19550572]
DEBUG:root:Attempt : 10 with Cost: 0.1409827147081144/0 Param: [-1.82664032]
DEBUG:root:
To Synthesize STL Template: G[0.0,220046461440.0]((angle > 0.06) => (torque > b? -2.0;-0.5 ))
DEBUG:root:Initial guess in simoptimize : [-1.25] 
DEBUG:root:Attempt : 1 with Cost: -0.5054278958360505/0 Param: [-2.26]
DEBUG:root:Attempt : 2 with Cost: -0.5032840458964519/-0.5054278958360505 Param: [-2.2826]
DEBUG:root:Opt method used: gradient
DEBUG:root:Synthesized STL: G[0.0,220046461440.0]((angle > 0.06) => (torque > -0.5618749999999999))
DEBUG:root:Synthesis: Cost is -0.5054278958360505, Time taken is 1.4782090187072754
DEBUG:root:
To Synthesize STL Template: G[0.0,220046461440.0]((angle >= 0.06) => (torque > b? -2.0;-0.5 ))
DEBUG:root:Initial guess in simoptimize : [-1.25] 
DEBUG:root:Attempt : 1 with Cost: -0.5054278958360505/0 Param: [-2.26]
DEBUG:root:Attempt : 2 with Cost: -0.5032840458964519/-0.5054278958360505 Param: [-2.2826]
DEBUG:root:Opt method used: gradient
DEBUG:root:Synthesized STL: G[0.0,220046461440.0]((angle >= 0.06) => (torque > -0.5618749999999999))
DEBUG:root:Synthesis: Cost is -0.5054278958360505, Time taken is 1.4448635578155518
DEBUG:root:
To Synthesize STL Template: G[0.0,220046461440.0]((angle >= 0.06) => (torque > b? 0.5;2.0 ))
DEBUG:root:Initial guess in simoptimize : [1.25] 
DEBUG:root:Attempt : 1 with Cost: 0.1409827147081144/0 Param: [1.25]
DEBUG:root:Attempt : 2 with Cost: 0.13452691772737424/0 Param: [0.56798771]
DEBUG:root:Attempt : 3 with Cost: 0.13452691772737424/0 Param: [0.57518721]
DEBUG:root:Attempt : 4 with Cost: 0.1409827147081144/0 Param: [1.98856035]
DEBUG:root:Attempt : 5 with Cost: 0.1409827147081144/0 Param: [1.75940174]
DEBUG:root:Attempt : 6 with Cost: 0.1409827147081144/0 Param: [1.28130387]
DEBUG:root:Attempt : 7 with Cost: 0.1409827147081144/0 Param: [1.50303119]
DEBUG:root:Attempt : 8 with Cost: 0.1409827147081144/0 Param: [1.86203111]
DEBUG:root:Attempt : 9 with Cost: 0.13452691772737424/0 Param: [0.74798407]
DEBUG:root:Attempt : 10 with Cost: 0.1409827147081144/0 Param: [1.32577225]
DEBUG:root:
To Synthesize STL Template: G[0.0,220046461440.0]((angle >= 0.06) => (torque > b? -2.0;-0.5 ))
DEBUG:root:Initial guess in simoptimize : [-1.25] 
DEBUG:root:Attempt : 1 with Cost: -0.5054278958360505/0 Param: [-2.26]
DEBUG:root:Attempt : 2 with Cost: -0.5032840458964519/-0.5054278958360505 Param: [-2.2826]
DEBUG:root:Opt method used: gradient
DEBUG:root:Synthesized STL: G[0.0,220046461440.0]((angle >= 0.06) => (torque > -0.5618749999999999))
DEBUG:root:Synthesis: Cost is -0.5054278958360505, Time taken is 1.4762165546417236
DEBUG:root:
To Synthesize STL Template: G[0.0,220046461440.0]((angle < -0.06) => (torque > b? -2.0;-0.5 ))
DEBUG:root:Initial guess in simoptimize : [-1.25] 
DEBUG:root:Attempt : 1 with Cost: 0.41969566775575307/0 Param: [-1.25]
DEBUG:root:Attempt : 2 with Cost: 0.41969566775575307/0 Param: [-0.5456037]
DEBUG:root:Attempt : 3 with Cost: 0.41969566775575307/0 Param: [-0.62386214]
DEBUG:root:Attempt : 4 with Cost: 0.41969566775575307/0 Param: [-0.90823782]
DEBUG:root:Attempt : 5 with Cost: -0.45056671583041363/0 Param: [-2.87821311]
DEBUG:root:Attempt : 6 with Cost: -0.4482035889423187/-0.45056671583041363 Param: [-2.90699525]
DEBUG:root:Opt method used: gradient
DEBUG:root:Synthesized STL: G[0.0,220046461440.0]((angle < -0.06) => (torque > -1.8841943515660664))
DEBUG:root:Synthesis: Cost is -0.45056671583041363, Time taken is 6.208352088928223
DEBUG:root:
To Synthesize STL Template: G[0.0,220046461440.0]((angle > 0.06) => (torque > b? -1.5;2.0 ))
DEBUG:root:Initial guess in simoptimize : [0.25] 
DEBUG:root:Attempt : 1 with Cost: 0.104498977767854/0 Param: [0.25]
DEBUG:root:Attempt : 2 with Cost: 0.1409827147081144/0 Param: [1.9935147]
DEBUG:root:Attempt : 3 with Cost: -0.1948709889224649/0 Param: [-1.05529385]
DEBUG:root:Attempt : 4 with Cost: -0.1948709889224649/-0.1948709889224649 Param: [-1.06584679]
DEBUG:root:Opt method used: gradient
DEBUG:root:Synthesized STL: G[0.0,220046461440.0]((angle > 0.06) => (torque > -0.5600020768822618))
DEBUG:root:Synthesis: Cost is -0.1948709889224649, Time taken is 2.539271831512451
DEBUG:root:
To Synthesize STL Template: F[0.0,220046461440.0]((angle > 0.06) => (torque > b? -1.5;2.0 ))
DEBUG:root:
To Synthesize STL Template: F[0.0,10000.0]((angle > 0.06) => (torque > b? -1.5;2.0 ))
DEBUG:root:Initial guess in simoptimize : [0.25] 
DEBUG:root:Attempt : 1 with Cost: -8.107298857359376e-45/0 Param: [0.25]
DEBUG:root:Attempt : 2 with Cost: -7.965704588942008e-45/-8.107298857359376e-45 Param: [0.2525]
DEBUG:root:Attempt : 3 with Cost: -7.965704588942008e-45/-8.107298857359376e-45 Param: [0.2525]
DEBUG:root:Attempt : 4 with Cost: -7.965704588942008e-45/-8.107298857359376e-45 Param: [0.2525]
DEBUG:root:Attempt : 5 with Cost: -7.965704588942008e-45/-8.107298857359376e-45 Param: [0.2525]
DEBUG:root:Attempt : 6 with Cost: -7.965704588942008e-45/-8.107298857359376e-45 Param: [0.2525]
DEBUG:root:Attempt : 7 with Cost: -7.965704588942008e-45/-8.107298857359376e-45 Param: [0.2525]
DEBUG:root:Attempt : 8 with Cost: -7.965704588942008e-45/-8.107298857359376e-45 Param: [0.2525]
DEBUG:root:Attempt : 9 with Cost: -7.965704588942008e-45/-8.107298857359376e-45 Param: [0.2525]
DEBUG:root:Attempt : 10 with Cost: -7.965704588942008e-45/-8.107298857359376e-45 Param: [0.2525]
DEBUG:root:Opt method used: gradient
DEBUG:root:Synthesized STL: F[0.0,10000.0]((angle > 0.06) => (torque > 1.9931640625))
DEBUG:root:Synthesis: Cost is -8.107298857359376e-45, Time taken is 0.7711687088012695
DEBUG:root:
To Synthesize STL Template: F[0.0,1000000.0]((angle > 0.06) => (torque > b? -1.5;2.0 ))
DEBUG:root:
To Synthesize STL Template: F[0.0,100000.0]((angle > 0.06) => (torque > b? -1.5;2.0 ))
DEBUG:root:
To Synthesize STL Template: G[0.0,72.0](((phidot > 0.5) | (phidot < -0.5)) => (speed < a? 0.0;80.0 ))
DEBUG:root:Initial guess in simoptimize : [40.0] 
DEBUG:root:Attempt : 1 with Cost: -0.12548948939953256/0 Param: [39.72016752]
DEBUG:root:Attempt : 2 with Cost: -0.1254213315384545/-0.12548948939953256 Param: [39.72602389]
DEBUG:root:Opt method used: nogradient
DEBUG:root:Synthesized STL: G[0.0,72.0](((phidot > 0.5) | (phidot < -0.5)) => (speed < 39.62319445290967))
DEBUG:root:Synthesis: Cost is -0.12548948939953256, Time taken is 3.924268960952759
DEBUG:root:
To Synthesize STL Template: G[0.0,72.0](((phidot > 0.5) | (phidot < -0.5)) => (speed < a? 0.0;80.0 ))
DEBUG:root:Initial guess in simoptimize : [40.0] 
DEBUG:root:Attempt : 1 with Cost: -0.12231279344267043/0 Param: [40.]
DEBUG:root:Attempt : 2 with Cost: -0.1180396632037882/-0.12231279344267043 Param: [40.4]
DEBUG:root:Attempt : 3 with Cost: -0.1180396632037882/-0.12231279344267043 Param: [40.4]
DEBUG:root:Attempt : 4 with Cost: -0.1180396632037882/-0.12231279344267043 Param: [40.4]
DEBUG:root:Attempt : 5 with Cost: -0.1180396632037882/-0.12231279344267043 Param: [40.4]
DEBUG:root:Attempt : 6 with Cost: -0.1180396632037882/-0.12231279344267043 Param: [40.4]
DEBUG:root:Attempt : 7 with Cost: -0.1180396632037882/-0.12231279344267043 Param: [40.4]
DEBUG:root:Attempt : 8 with Cost: -0.1180396632037882/-0.12231279344267043 Param: [40.4]
DEBUG:root:Attempt : 9 with Cost: -0.1180396632037882/-0.12231279344267043 Param: [40.4]
DEBUG:root:Attempt : 10 with Cost: -0.1180396632037882/-0.12231279344267043 Param: [40.4]
DEBUG:root:Opt method used: gradient
DEBUG:root:Synthesized STL: G[0.0,72.0](((phidot > 0.5) | (phidot < -0.5)) => (speed < 39.619140625))
DEBUG:root:Synthesis: Cost is -0.12231279344267043, Time taken is 0.058609724044799805
DEBUG:root:
To Synthesize STL Template: G[0.0,72.0](((phidot > 0.5) | (phidot < -0.5)) => (speed < a? 0.0;80.0 ))
DEBUG:root:Initial guess in simoptimize : [40.0] 
DEBUG:root:Attempt : 1 with Cost: -0.12231279344267043/0 Param: [40.]
DEBUG:root:Attempt : 2 with Cost: -0.1180396632037882/-0.12231279344267043 Param: [40.4]
DEBUG:root:Attempt : 3 with Cost: -0.1180396632037882/-0.12231279344267043 Param: [40.4]
DEBUG:root:Attempt : 4 with Cost: -0.1180396632037882/-0.12231279344267043 Param: [40.4]
DEBUG:root:Attempt : 5 with Cost: -0.1180396632037882/-0.12231279344267043 Param: [40.4]
DEBUG:root:Attempt : 6 with Cost: -0.1180396632037882/-0.12231279344267043 Param: [40.4]
DEBUG:root:Attempt : 7 with Cost: -0.1180396632037882/-0.12231279344267043 Param: [40.4]
DEBUG:root:Attempt : 8 with Cost: -0.1180396632037882/-0.12231279344267043 Param: [40.4]
DEBUG:root:Attempt : 9 with Cost: -0.1180396632037882/-0.12231279344267043 Param: [40.4]
DEBUG:root:Attempt : 10 with Cost: -0.1180396632037882/-0.12231279344267043 Param: [40.4]
DEBUG:root:Opt method used: gradient
DEBUG:root:Synthesized STL: G[0.0,72.0](((phidot > 0.5) | (phidot < -0.5)) => (speed < 39.619140625))
DEBUG:root:Synthesis: Cost is -0.12231279344267043, Time taken is 0.06538891792297363
DEBUG:root:
To Synthesize STL Template: G[0.0,72.0](((phidot > 0.5) | (phidot < -0.5)) => (speed < a? 0.0;80.0 ))
DEBUG:root:Initial guess in simoptimize : [40.0] 
DEBUG:root:Attempt : 1 with Cost: -0.12231279344267043/0 Param: [40.]
DEBUG:root:Attempt : 2 with Cost: -0.1180396632037882/-0.12231279344267043 Param: [40.4]
DEBUG:root:Attempt : 3 with Cost: -0.1180396632037882/-0.12231279344267043 Param: [40.4]
DEBUG:root:Attempt : 4 with Cost: -0.1180396632037882/-0.12231279344267043 Param: [40.4]
DEBUG:root:Attempt : 5 with Cost: -0.1180396632037882/-0.12231279344267043 Param: [40.4]
DEBUG:root:Attempt : 6 with Cost: -0.1180396632037882/-0.12231279344267043 Param: [40.4]
DEBUG:root:Attempt : 7 with Cost: -0.1180396632037882/-0.12231279344267043 Param: [40.4]
DEBUG:root:Attempt : 8 with Cost: -0.1180396632037882/-0.12231279344267043 Param: [40.4]
DEBUG:root:Attempt : 9 with Cost: -0.1180396632037882/-0.12231279344267043 Param: [40.4]
DEBUG:root:Attempt : 10 with Cost: -0.1180396632037882/-0.12231279344267043 Param: [40.4]
DEBUG:root:Opt method used: gradient
DEBUG:root:Synthesized STL: G[0.0,72.0](((phidot > 0.5) | (phidot < -0.5)) => (speed < 39.619140625))
DEBUG:root:Synthesis: Cost is -0.12231279344267043, Time taken is 0.06652402877807617
DEBUG:root:
To Synthesize STL Template: G[0.0,72.0](((phidot > 0.5) | (phidot < -0.5)) => (speed < a? 0.0;80.0 ))
DEBUG:root:Initial guess in simoptimize : [40.0] 
DEBUG:root:Attempt : 1 with Cost: -0.12231279344267043/0 Param: [40.]
DEBUG:root:Attempt : 2 with Cost: -0.1180396632037882/-0.12231279344267043 Param: [40.4]
DEBUG:root:Attempt : 3 with Cost: -0.1180396632037882/-0.12231279344267043 Param: [40.4]
DEBUG:root:Attempt : 4 with Cost: -0.1180396632037882/-0.12231279344267043 Param: [40.4]
DEBUG:root:Attempt : 5 with Cost: -0.1180396632037882/-0.12231279344267043 Param: [40.4]
DEBUG:root:Attempt : 6 with Cost: -0.1180396632037882/-0.12231279344267043 Param: [40.4]
DEBUG:root:Attempt : 7 with Cost: -0.1180396632037882/-0.12231279344267043 Param: [40.4]
DEBUG:root:Attempt : 8 with Cost: -0.1180396632037882/-0.12231279344267043 Param: [40.4]
DEBUG:root:Attempt : 9 with Cost: -0.1180396632037882/-0.12231279344267043 Param: [40.4]
DEBUG:root:Attempt : 10 with Cost: -0.1180396632037882/-0.12231279344267043 Param: [40.4]
DEBUG:root:Opt method used: gradient
DEBUG:root:Synthesized STL: G[0.0,72.0](((phidot > 0.5) | (phidot < -0.5)) => (speed < 39.619140625))
DEBUG:root:Synthesis: Cost is -0.12231279344267043, Time taken is 0.3419647216796875
DEBUG:root:
To Synthesize STL Template: G[0.0,72.0](((phidot > 0.5) | (phidot < -0.5)) => (speed < a? 0.0;80.0 ))
DEBUG:root:Initial guess in simoptimize : [40.0] 
DEBUG:root:Attempt : 1 with Cost: -0.12231279344267043/0 Param: [40.]
DEBUG:root:Attempt : 2 with Cost: -0.1180396632037882/-0.12231279344267043 Param: [40.4]
DEBUG:root:Attempt : 3 with Cost: -0.1180396632037882/-0.12231279344267043 Param: [40.4]
DEBUG:root:Attempt : 4 with Cost: -0.1180396632037882/-0.12231279344267043 Param: [40.4]
DEBUG:root:Attempt : 5 with Cost: -0.1180396632037882/-0.12231279344267043 Param: [40.4]
DEBUG:root:Attempt : 6 with Cost: -0.1180396632037882/-0.12231279344267043 Param: [40.4]
DEBUG:root:Attempt : 7 with Cost: -0.1180396632037882/-0.12231279344267043 Param: [40.4]
DEBUG:root:Attempt : 8 with Cost: -0.1180396632037882/-0.12231279344267043 Param: [40.4]
DEBUG:root:Attempt : 9 with Cost: -0.1180396632037882/-0.12231279344267043 Param: [40.4]
DEBUG:root:Attempt : 10 with Cost: -0.1180396632037882/-0.12231279344267043 Param: [40.4]
DEBUG:root:Opt method used: gradient
DEBUG:root:Synthesized STL: G[0.0,72.0](((phidot > 0.5) | (phidot < -0.5)) => (speed < 39.619140625))
DEBUG:root:Synthesis: Cost is -0.12231279344267043, Time taken is 0.03996086120605469
DEBUG:root:
To Synthesize STL Template: G[0.0,72.0](((phidot > 0.5) | (phidot < -0.5)) => (speed < a? 0.0;80.0 ))
DEBUG:root:Initial guess in simoptimize : [40.0] 
DEBUG:root:Attempt : 1 with Cost: -0.12231279344267043/0 Param: [40.]
DEBUG:root:Attempt : 2 with Cost: -0.1180396632037882/-0.12231279344267043 Param: [40.4]
DEBUG:root:Attempt : 3 with Cost: -0.1180396632037882/-0.12231279344267043 Param: [40.4]
DEBUG:root:Attempt : 4 with Cost: -0.1180396632037882/-0.12231279344267043 Param: [40.4]
DEBUG:root:Attempt : 5 with Cost: -0.1180396632037882/-0.12231279344267043 Param: [40.4]
DEBUG:root:Attempt : 6 with Cost: -0.1180396632037882/-0.12231279344267043 Param: [40.4]
DEBUG:root:Attempt : 7 with Cost: -0.1180396632037882/-0.12231279344267043 Param: [40.4]
DEBUG:root:Attempt : 8 with Cost: -0.1180396632037882/-0.12231279344267043 Param: [40.4]
DEBUG:root:Attempt : 9 with Cost: -0.1180396632037882/-0.12231279344267043 Param: [40.4]
DEBUG:root:Attempt : 10 with Cost: -0.1180396632037882/-0.12231279344267043 Param: [40.4]
DEBUG:root:Opt method used: gradient
DEBUG:root:Synthesized STL: G[0.0,72.0](((phidot > 0.5) | (phidot < -0.5)) => (speed < 39.619140625))
DEBUG:root:Synthesis: Cost is -0.12231279344267043, Time taken is 0.04790210723876953
DEBUG:root:
To Synthesize STL Template: G[0.0,72.0](((phidot > 0.5) | (phidot < -0.5)) => (speed < a? 0.0;80.0 ))
DEBUG:root:Initial guess in simoptimize : [40.0] 
DEBUG:root:Attempt : 1 with Cost: -0.12231279344267043/0 Param: [40.]
DEBUG:root:Attempt : 2 with Cost: -0.1180396632037882/-0.12231279344267043 Param: [40.4]
DEBUG:root:Attempt : 3 with Cost: -0.1180396632037882/-0.12231279344267043 Param: [40.4]
DEBUG:root:Attempt : 4 with Cost: -0.1180396632037882/-0.12231279344267043 Param: [40.4]
DEBUG:root:Attempt : 5 with Cost: -0.1180396632037882/-0.12231279344267043 Param: [40.4]
DEBUG:root:Attempt : 6 with Cost: -0.1180396632037882/-0.12231279344267043 Param: [40.4]
DEBUG:root:Attempt : 7 with Cost: -0.1180396632037882/-0.12231279344267043 Param: [40.4]
DEBUG:root:Attempt : 8 with Cost: -0.1180396632037882/-0.12231279344267043 Param: [40.4]
DEBUG:root:Attempt : 9 with Cost: -0.1180396632037882/-0.12231279344267043 Param: [40.4]
DEBUG:root:Attempt : 10 with Cost: -0.1180396632037882/-0.12231279344267043 Param: [40.4]
DEBUG:root:Opt method used: gradient
DEBUG:root:Synthesized STL: G[0.0,72.0](((phidot > 0.5) | (phidot < -0.5)) => (speed < 39.619140625))
DEBUG:root:Synthesis: Cost is -0.12231279344267043, Time taken is 0.16545557975769043
